[debug] [2022-05-23T04:25:53.161Z] ----------------------------------------------------------------------
[debug] [2022-05-23T04:25:53.166Z] Command:       F:\node\node.exe C:\Users\MyLappy\AppData\Roaming\npm\node_modules\firebase-tools\lib\bin\firebase.js init
[debug] [2022-05-23T04:25:53.167Z] CLI Version:   10.2.0
[debug] [2022-05-23T04:25:53.167Z] Platform:      win32
[debug] [2022-05-23T04:25:53.168Z] Node Version:  v17.1.0
[debug] [2022-05-23T04:25:53.170Z] Time:          Mon May 23 2022 09:55:53 GMT+0530 (India Standard Time)
[debug] [2022-05-23T04:25:53.170Z] ----------------------------------------------------------------------
[debug] 
[debug] [2022-05-23T04:25:53.191Z] >>> [apiv2][query] GET https://firebase-public.firebaseio.com/cli.json [none]
[debug] [2022-05-23T04:25:53.729Z] > command requires scopes: ["email","openid","https://www.googleapis.com/auth/cloudplatformprojects.readonly","https://www.googleapis.com/auth/firebase","https://www.googleapis.com/auth/cloud-platform"]
[debug] [2022-05-23T04:25:53.730Z] > authorizing via signed-in user (souravsingp@gmail.com)
[info] 
     ######## #### ########  ######## ########     ###     ######  ########
     ##        ##  ##     ## ##       ##     ##  ##   ##  ##       ##
     ######    ##  ########  ######   ########  #########  ######  ######
     ##        ##  ##    ##  ##       ##     ## ##     ##       ## ##
     ##       #### ##     ## ######## ########  ##     ##  ######  ########

You're about to initialize a Firebase project in this directory:

  C:\Users\MyLappy\Documents\GitHub\AgroBuddy\agrobuddy

Before we get started, keep in mind:

  * You are initializing within an existing Firebase project directory

[debug] [2022-05-23T04:25:54.815Z] <<< [apiv2][status] GET https://firebase-public.firebaseio.com/cli.json 200
[debug] [2022-05-23T04:25:54.816Z] <<< [apiv2][body] GET https://firebase-public.firebaseio.com/cli.json {"cloudBuildErrorAfter":1594252800000,"cloudBuildWarnAfter":1590019200000,"defaultNode10After":1594252800000,"minVersion":"3.0.5","node8DeploysDisabledAfter":1613390400000,"node8RuntimeDisabledAfter":1615809600000,"node8WarnAfter":1600128000000}
